<?xml version="1.0" encoding="UTF-8"?>
<!-- Generated by org.testng.reporters.JUnitReportReporter -->
<testsuite hostname="IN3648-01" name="one.NewTest" tests="1" failures="0" timestamp="2 Apr 2017 05:17:29 GMT" time="15.092" errors="0">
  <testcase name="tes" time="15.092" classname="one.NewTest"/>
</testsuite> <!-- one.NewTest -->
